WifiSpeakerInfor/build/outputs/logs/manifest-merger-release-report.txt
-- Merging decision tree log ---
manifest
ADDED from ZNTSpeaker\WifiSpeakerInfor\AndroidManifest.xml:1:1-9:12
INJECTED from ZNTSpeaker\WifiSpeakerInfor\AndroidManifest.xml:1:1-9:12
INJECTED from ZNTSpeaker\WifiSpeakerInfor\AndroidManifest.xml:1:1-9:12
INJECTED from ZNTSpeaker\WifiSpeakerInfor\AndroidManifest.xml:1:1-9:12
INJECTED from ZNTSpeaker\WifiSpeakerInfor\AndroidManifest.xml:1:1-9:12
INJECTED from ZNTSpeaker\WifiSpeakerInfor\AndroidManifest.xml:1:1-9:12
INJECTED from ZNTSpeaker\WifiSpeakerInfor\AndroidManifest.xml:1:1-9:12
	package
		ADDED from ZNTSpeaker\WifiSpeakerInfor\AndroidManifest.xml:2:5-46
		INJECTED from ZNTSpeaker\WifiSpeakerInfor\AndroidManifest.xml
		INJECTED from ZNTSpeaker\WifiSpeakerInfor\AndroidManifest.xml
	android:versionName
		ADDED from ZNTSpeaker\WifiSpeakerInfor\AndroidManifest.xml:4:5-32
		INJECTED from ZNTSpeaker\WifiSpeakerInfor\AndroidManifest.xml
		INJECTED from ZNTSpeaker\WifiSpeakerInfor\AndroidManifest.xml
	xmlns:android
		ADDED from ZNTSpeaker\WifiSpeakerInfor\AndroidManifest.xml:1:11-69
	android:versionCode
		ADDED from ZNTSpeaker\WifiSpeakerInfor\AndroidManifest.xml:3:5-29
		INJECTED from ZNTSpeaker\WifiSpeakerInfor\AndroidManifest.xml
		INJECTED from ZNTSpeaker\WifiSpeakerInfor\AndroidManifest.xml
uses-permission#android.permission.ACCESS_NETWORK_STATE
ADDED from ZNTSpeaker\WifiSpeakerInfor\AndroidManifest.xml:7:5-79
	android:name
		ADDED from ZNTSpeaker\WifiSpeakerInfor\AndroidManifest.xml:7:22-76
uses-permission#android.permission.ACCESS_WIFI_STATE
ADDED from ZNTSpeaker\WifiSpeakerInfor\AndroidManifest.xml:8:5-76
	android:name
		ADDED from ZNTSpeaker\WifiSpeakerInfor\AndroidManifest.xml:8:22-73